2017-08-16 12:38:13,387 - INFO - Beginning execution of phydms in directory /Users/sarah/Google Drive/GS/lab/dms_db/data/hsp90_2016_Mishra

2017-08-16 12:38:13,387 - INFO - Progress is being logged to phydms/averaged_ExpCM_prefs_log.log

2017-08-16 12:38:13,387 - INFO - Version information:
	Time and date: Wed Aug 16 12:38:10 2017
	Platform: Darwin-15.6.0-x86_64-i386-64bit
	Python version: 3.5.2 (v3.5.2:4def2a2901a5, Jun 26 2016, 10:47:25)  [GCC 4.2.1 (Apple Inc. build 5666) (dot 3)]
	phydms version: 2.0.dev6
	Bio version: 1.68
	cython version: 0.25.1
	numpy version: 1.12.1
	scipy version: 0.19.0
	matplotlib version: 2.0.2
	natsort version: 5.0.1
	sympy version: 1.0
	six version: 1.10.0
	pandas version: 0.20.3
	pyvolve version: 0.8.4
	statsmodels version: 0.8.0
	weblogolib version: 3.5.0
	PyPDF2 version: 1.26.0

2017-08-16 12:38:13,387 - INFO - Parsed the following arguments:
	fitphi = False
	fitprefsmethod = 2
	tree = phydms/RAxML_tree.newick
	diffprefsprior = ('invquadratic', 150.0, 0.5)
	divpressure = None
	seed = 1
	ncats = 4
	model = ('ExpCM', 'prefs.csv')
	diffprefsbysite = False
	initparams = None
	gammaomega = False
	profile = False
	outprefix = phydms/averaged_ExpCM_prefs
	omegabysite = False
	omegabysite_fixsyn = False
	brlen = optimize
	alignment = hsp90_alignment5_ref_prep.fasta
	opt_details = False
	ncpus = 1
	avgprefs = True
	nograd = False
	minbrlen = 1e-06
	minpref = 0.002
	randprefs = False

2017-08-16 12:38:13,388 - INFO - Random number seed: 1

2017-08-16 12:38:13,388 - INFO - Reading alignment from hsp90_alignment5_ref_prep.fasta
2017-08-16 12:38:13,711 - INFO - Read 33 aligned sequences from hsp90_alignment5_ref_prep.fasta, each consisting of 229 codons.

2017-08-16 12:38:13,711 - INFO - The model will be an ExpCM informed by site-specific amino-acid preferences in prefs.csv
2017-08-16 12:38:13,711 - INFO - Preferences will be averaged across sites.
2017-08-16 12:38:15,308 - INFO - Successfully read site-specific amino-acid preferences for all 229 sites.

2017-08-16 12:38:15,309 - INFO - Nucleotide frequency parameters phi will be set so stationary state matches alignment nucleotide frequencies of A = 0.280, C = 0.232, G = 0.261, T = 0.228

2017-08-16 12:38:16,919 - INFO - Reading tree from phydms/RAxML_tree.newick
2017-08-16 12:38:16,926 - INFO - Tree has 33 tips.
2017-08-16 12:38:16,953 - INFO - Adjusted 1 branch lengths up to minbrlen 1e-06

2017-08-16 12:38:16,954 - INFO - Initializing TreeLikelihood..
2017-08-16 12:38:37,164 - INFO - TreeLikelihood initialized.
2017-08-16 12:38:37,167 - INFO - Maximizing log likelihood (initially -10474.81).
2017-08-16 12:38:37,168 - INFO - Branch lengths will be optimized individually.
2017-08-16 12:54:10,618 - INFO - Maximization complete:
	Step 1: optimized parameters, loglik went from -10474.81 to -9137.68 (15 iterations, 25 function evals)
	Step 2: optimized branches, loglik went from -9137.68 to -9135.04 (42 iterations, 46 function evals)
	Step 3: optimized parameters, loglik went from -9135.04 to -9134.15 (13 iterations, 18 function evals)
	Step 4: optimized branches, loglik went from -9134.15 to -9134.15 (1 iterations, 4 function evals)
2017-08-16 12:54:10,648 - INFO - Optimized log likelihood is -9134.15.
2017-08-16 12:54:10,649 - INFO - Writing log likelihood to phydms/averaged_ExpCM_prefs_loglikelihood.txt
2017-08-16 12:54:10,712 - INFO - Model parameters after optimization:
	beta = 0.010001
	kappa = 2.2391
	omega = 0.0704574
	phiA = 0.28894
	phiC = 0.219484
	phiG = 0.258107
2017-08-16 12:54:10,712 - INFO - Writing model parameters to phydms/averaged_ExpCM_prefs_modelparams.txt
2017-08-16 12:54:10,719 - INFO - Writing the optimized tree to phydms/averaged_ExpCM_prefs_tree.newick

2017-08-16 12:54:10,801 - INFO - Successful completion of phydms
