2017-08-16 11:45:47,451 - INFO - Beginning execution of phydms in directory /Users/sarah/Google Drive/GS/lab/dms_db/data/hsp90_2016_Mishra

2017-08-16 11:45:47,451 - INFO - Progress is being logged to phydms/ExpCM_prefs_gammaomega_log.log

2017-08-16 11:45:47,451 - INFO - Version information:
	Time and date: Wed Aug 16 11:45:45 2017
	Platform: Darwin-15.6.0-x86_64-i386-64bit
	Python version: 3.5.2 (v3.5.2:4def2a2901a5, Jun 26 2016, 10:47:25)  [GCC 4.2.1 (Apple Inc. build 5666) (dot 3)]
	phydms version: 2.0.dev6
	Bio version: 1.68
	cython version: 0.25.1
	numpy version: 1.12.1
	scipy version: 0.19.0
	matplotlib version: 2.0.2
	natsort version: 5.0.1
	sympy version: 1.0
	six version: 1.10.0
	pandas version: 0.20.3
	pyvolve version: 0.8.4
	statsmodels version: 0.8.0
	weblogolib version: 3.5.0
	PyPDF2 version: 1.26.0

2017-08-16 11:45:47,451 - INFO - Parsed the following arguments:
	omegabysite_fixsyn = False
	divpressure = None
	nograd = False
	brlen = optimize
	gammaomega = True
	profile = False
	avgprefs = False
	seed = 1
	ncats = 4
	fitprefsmethod = 2
	opt_details = False
	fitphi = False
	model = ('ExpCM', 'prefs.csv')
	outprefix = phydms/ExpCM_prefs_gammaomega
	minpref = 0.002
	ncpus = 1
	diffprefsprior = ('invquadratic', 150.0, 0.5)
	randprefs = False
	minbrlen = 1e-06
	tree = phydms/RAxML_tree.newick
	diffprefsbysite = False
	initparams = None
	alignment = hsp90_alignment5_ref_prep.fasta
	omegabysite = False

2017-08-16 11:45:47,452 - INFO - Random number seed: 1

2017-08-16 11:45:47,452 - INFO - Reading alignment from hsp90_alignment5_ref_prep.fasta
2017-08-16 11:45:47,967 - INFO - Read 33 aligned sequences from hsp90_alignment5_ref_prep.fasta, each consisting of 229 codons.

2017-08-16 11:45:47,968 - INFO - The model will be an ExpCM informed by site-specific amino-acid preferences in prefs.csv
2017-08-16 11:45:50,158 - INFO - Successfully read site-specific amino-acid preferences for all 229 sites.

2017-08-16 11:45:50,159 - INFO - Nucleotide frequency parameters phi will be set so stationary state matches alignment nucleotide frequencies of A = 0.280, C = 0.232, G = 0.261, T = 0.228

2017-08-16 11:45:52,030 - INFO - Omega will be drawn from 4 gamma-distributed categories.

2017-08-16 11:45:58,419 - INFO - Reading tree from phydms/RAxML_tree.newick
2017-08-16 11:45:58,423 - INFO - Tree has 33 tips.
2017-08-16 11:45:58,447 - INFO - Adjusted 1 branch lengths up to minbrlen 1e-06

2017-08-16 11:45:58,447 - INFO - Initializing TreeLikelihood..
2017-08-16 11:47:36,932 - INFO - TreeLikelihood initialized.
2017-08-16 11:47:37,017 - INFO - Maximizing log likelihood (initially -10248.58).
2017-08-16 11:47:37,018 - INFO - Branch lengths will be optimized individually.
2017-08-16 13:09:14,872 - INFO - Maximization complete:
	Step 1: optimized parameters, loglik went from -10248.58 to -8836.09 (24 iterations, 30 function evals)
	Step 2: optimized branches, loglik went from -8836.09 to -8829.05 (72 iterations, 80 function evals)
	Step 3: optimized parameters, loglik went from -8829.05 to -8828.76 (10 iterations, 12 function evals)
	Step 4: optimized branches, loglik went from -8828.76 to -8828.75 (3 iterations, 7 function evals)
2017-08-16 13:09:14,931 - INFO - Optimized log likelihood is -8828.75.
2017-08-16 13:09:14,932 - INFO - Writing log likelihood to phydms/ExpCM_prefs_gammaomega_loglikelihood.txt
2017-08-16 13:09:14,991 - INFO - Model parameters after optimization:
	alpha_omega = 0.679031
	beta = 9.74515
	beta_omega = 6.32388
	kappa = 2.34488
	phiA = 0.300848
	phiC = 0.2302
	phiG = 0.253382
2017-08-16 13:09:14,995 - INFO - Writing model parameters to phydms/ExpCM_prefs_gammaomega_modelparams.txt
2017-08-16 13:09:15,001 - INFO - Writing the optimized tree to phydms/ExpCM_prefs_gammaomega_tree.newick

2017-08-16 13:09:15,117 - INFO - Successful completion of phydms
