2017-08-16 12:04:35,636 - INFO - Beginning execution of phydms in directory /Users/sarah/Google Drive/GS/lab/dms_db/data/hsp90_2016_Mishra

2017-08-16 12:04:35,636 - INFO - Progress is being logged to phydms/ExpCM_prefs_log.log

2017-08-16 12:04:35,637 - INFO - Version information:
	Time and date: Wed Aug 16 12:04:33 2017
	Platform: Darwin-15.6.0-x86_64-i386-64bit
	Python version: 3.5.2 (v3.5.2:4def2a2901a5, Jun 26 2016, 10:47:25)  [GCC 4.2.1 (Apple Inc. build 5666) (dot 3)]
	phydms version: 2.0.dev6
	Bio version: 1.68
	cython version: 0.25.1
	numpy version: 1.12.1
	scipy version: 0.19.0
	matplotlib version: 2.0.2
	natsort version: 5.0.1
	sympy version: 1.0
	six version: 1.10.0
	pandas version: 0.20.3
	pyvolve version: 0.8.4
	statsmodels version: 0.8.0
	weblogolib version: 3.5.0
	PyPDF2 version: 1.26.0

2017-08-16 12:04:35,637 - INFO - Parsed the following arguments:
	randprefs = False
	brlen = optimize
	model = ('ExpCM', 'prefs.csv')
	seed = 1
	minpref = 0.002
	outprefix = phydms/ExpCM_prefs
	gammaomega = False
	ncpus = 1
	opt_details = False
	nograd = False
	fitprefsmethod = 2
	omegabysite = False
	diffprefsprior = ('invquadratic', 150.0, 0.5)
	fitphi = False
	diffprefsbysite = False
	tree = phydms/RAxML_tree.newick
	avgprefs = False
	initparams = None
	omegabysite_fixsyn = False
	alignment = hsp90_alignment5_ref_prep.fasta
	profile = False
	ncats = 4
	divpressure = None
	minbrlen = 1e-06

2017-08-16 12:04:35,638 - INFO - Random number seed: 1

2017-08-16 12:04:35,638 - INFO - Reading alignment from hsp90_alignment5_ref_prep.fasta
2017-08-16 12:04:35,913 - INFO - Read 33 aligned sequences from hsp90_alignment5_ref_prep.fasta, each consisting of 229 codons.

2017-08-16 12:04:35,913 - INFO - The model will be an ExpCM informed by site-specific amino-acid preferences in prefs.csv
2017-08-16 12:04:37,296 - INFO - Successfully read site-specific amino-acid preferences for all 229 sites.

2017-08-16 12:04:37,297 - INFO - Nucleotide frequency parameters phi will be set so stationary state matches alignment nucleotide frequencies of A = 0.280, C = 0.232, G = 0.261, T = 0.228

2017-08-16 12:04:38,253 - INFO - Reading tree from phydms/RAxML_tree.newick
2017-08-16 12:04:38,256 - INFO - Tree has 33 tips.
2017-08-16 12:04:38,271 - INFO - Adjusted 1 branch lengths up to minbrlen 1e-06

2017-08-16 12:04:38,271 - INFO - Initializing TreeLikelihood..
2017-08-16 12:04:54,903 - INFO - TreeLikelihood initialized.
2017-08-16 12:04:54,906 - INFO - Maximizing log likelihood (initially -10417.99).
2017-08-16 12:04:54,906 - INFO - Branch lengths will be optimized individually.
2017-08-16 12:20:10,070 - INFO - Maximization complete:
	Step 1: optimized parameters, loglik went from -10417.99 to -8968.47 (23 iterations, 33 function evals)
	Step 2: optimized branches, loglik went from -8968.47 to -8965.71 (47 iterations, 55 function evals)
	Step 3: optimized parameters, loglik went from -8965.71 to -8965.71 (2 iterations, 5 function evals)
2017-08-16 12:20:10,119 - INFO - Optimized log likelihood is -8965.71.
2017-08-16 12:20:10,123 - INFO - Writing log likelihood to phydms/ExpCM_prefs_loglikelihood.txt
2017-08-16 12:20:10,172 - INFO - Model parameters after optimization:
	beta = 9.38922
	kappa = 2.30861
	omega = 0.0890284
	phiA = 0.300685
	phiC = 0.230049
	phiG = 0.253326
2017-08-16 12:20:10,176 - INFO - Writing model parameters to phydms/ExpCM_prefs_modelparams.txt
2017-08-16 12:20:10,180 - INFO - Writing the optimized tree to phydms/ExpCM_prefs_tree.newick

2017-08-16 12:20:10,272 - INFO - Successful completion of phydms
