2017-08-16 12:20:23,252 - INFO - Beginning execution of phydms in directory /Users/sarah/Google Drive/GS/lab/dms_db/data/hsp90_2016_Mishra

2017-08-16 12:20:23,253 - INFO - Progress is being logged to phydms/randomized_ExpCM_prefs_gammaomega_log.log

2017-08-16 12:20:23,253 - INFO - Version information:
	Time and date: Wed Aug 16 12:20:20 2017
	Platform: Darwin-15.6.0-x86_64-i386-64bit
	Python version: 3.5.2 (v3.5.2:4def2a2901a5, Jun 26 2016, 10:47:25)  [GCC 4.2.1 (Apple Inc. build 5666) (dot 3)]
	phydms version: 2.0.dev6
	Bio version: 1.68
	cython version: 0.25.1
	numpy version: 1.12.1
	scipy version: 0.19.0
	matplotlib version: 2.0.2
	natsort version: 5.0.1
	sympy version: 1.0
	six version: 1.10.0
	pandas version: 0.20.3
	pyvolve version: 0.8.4
	statsmodels version: 0.8.0
	weblogolib version: 3.5.0
	PyPDF2 version: 1.26.0

2017-08-16 12:20:23,253 - INFO - Parsed the following arguments:
	brlen = optimize
	fitphi = False
	outprefix = phydms/randomized_ExpCM_prefs_gammaomega
	seed = 1
	minbrlen = 1e-06
	model = ('ExpCM', 'prefs.csv')
	alignment = hsp90_alignment5_ref_prep.fasta
	avgprefs = False
	diffprefsprior = ('invquadratic', 150.0, 0.5)
	divpressure = None
	profile = False
	omegabysite = False
	diffprefsbysite = False
	ncpus = 1
	ncats = 4
	omegabysite_fixsyn = False
	nograd = False
	fitprefsmethod = 2
	initparams = None
	tree = phydms/RAxML_tree.newick
	gammaomega = True
	minpref = 0.002
	randprefs = True
	opt_details = False

2017-08-16 12:20:23,253 - INFO - Random number seed: 1

2017-08-16 12:20:23,253 - INFO - Reading alignment from hsp90_alignment5_ref_prep.fasta
2017-08-16 12:20:23,621 - INFO - Read 33 aligned sequences from hsp90_alignment5_ref_prep.fasta, each consisting of 229 codons.

2017-08-16 12:20:23,621 - INFO - The model will be an ExpCM informed by site-specific amino-acid preferences in prefs.csv
2017-08-16 12:20:23,622 - INFO - Preferences will be randomized across sites.
2017-08-16 12:20:25,319 - INFO - Successfully read site-specific amino-acid preferences for all 229 sites.

2017-08-16 12:20:25,320 - INFO - Nucleotide frequency parameters phi will be set so stationary state matches alignment nucleotide frequencies of A = 0.280, C = 0.232, G = 0.261, T = 0.228

2017-08-16 12:20:26,731 - INFO - Omega will be drawn from 4 gamma-distributed categories.

2017-08-16 12:20:30,097 - INFO - Reading tree from phydms/RAxML_tree.newick
2017-08-16 12:20:30,103 - INFO - Tree has 33 tips.
2017-08-16 12:20:30,117 - INFO - Adjusted 1 branch lengths up to minbrlen 1e-06

2017-08-16 12:20:30,117 - INFO - Initializing TreeLikelihood..
2017-08-16 12:21:58,581 - INFO - TreeLikelihood initialized.
2017-08-16 12:21:58,645 - INFO - Maximizing log likelihood (initially -10286.27).
2017-08-16 12:21:58,645 - INFO - Branch lengths will be optimized individually.
2017-08-16 13:32:45,698 - INFO - Maximization complete:
	Step 1: optimized parameters, loglik went from -10286.27 to -8969.37 (22 iterations, 29 function evals)
	Step 2: optimized branches, loglik went from -8969.37 to -8962.61 (104 iterations, 115 function evals)
	Step 3: optimized parameters, loglik went from -8962.61 to -8962.37 (9 iterations, 12 function evals)
	Step 4: optimized branches, loglik went from -8962.37 to -8962.37 (1 iterations, 4 function evals)
2017-08-16 13:32:45,800 - INFO - Optimized log likelihood is -8962.37.
2017-08-16 13:32:45,801 - INFO - Writing log likelihood to phydms/randomized_ExpCM_prefs_gammaomega_loglikelihood.txt
2017-08-16 13:32:45,907 - INFO - Model parameters after optimization:
	alpha_omega = 0.55572
	beta = 0.270588
	beta_omega = 6.14804
	kappa = 2.30003
	phiA = 0.289379
	phiC = 0.220018
	phiG = 0.258176
2017-08-16 13:32:45,911 - INFO - Writing model parameters to phydms/randomized_ExpCM_prefs_gammaomega_modelparams.txt
2017-08-16 13:32:45,919 - INFO - Writing the optimized tree to phydms/randomized_ExpCM_prefs_gammaomega_tree.newick

2017-08-16 13:32:46,020 - INFO - Successful completion of phydms
