2017-08-16 11:45:41,332 - INFO - Beginning execution of phydms in directory /Users/sarah/Google Drive/GS/lab/dms_db/data/hsp90_2016_Mishra

2017-08-16 11:45:41,341 - INFO - Progress is being logged to phydms/YNGKP_M5_log.log

2017-08-16 11:45:41,341 - INFO - Version information:
	Time and date: Wed Aug 16 11:45:39 2017
	Platform: Darwin-15.6.0-x86_64-i386-64bit
	Python version: 3.5.2 (v3.5.2:4def2a2901a5, Jun 26 2016, 10:47:25)  [GCC 4.2.1 (Apple Inc. build 5666) (dot 3)]
	phydms version: 2.0.dev6
	Bio version: 1.68
	cython version: 0.25.1
	numpy version: 1.12.1
	scipy version: 0.19.0
	matplotlib version: 2.0.2
	natsort version: 5.0.1
	sympy version: 1.0
	six version: 1.10.0
	pandas version: 0.20.3
	pyvolve version: 0.8.4
	statsmodels version: 0.8.0
	weblogolib version: 3.5.0
	PyPDF2 version: 1.26.0

2017-08-16 11:45:41,342 - INFO - Parsed the following arguments:
	avgprefs = False
	diffprefsbysite = False
	profile = False
	randprefs = False
	ncpus = 1
	minpref = 0.002
	diffprefsprior = ('invquadratic', 150.0, 0.5)
	gammaomega = False
	model = YNGKP_M5
	omegabysite_fixsyn = False
	seed = 1
	brlen = optimize
	divpressure = None
	ncats = 4
	minbrlen = 1e-06
	omegabysite = False
	alignment = hsp90_alignment5_ref_prep.fasta
	opt_details = False
	initparams = None
	nograd = False
	fitprefsmethod = 2
	tree = phydms/RAxML_tree.newick
	fitphi = False
	outprefix = phydms/YNGKP_M5

2017-08-16 11:45:41,342 - INFO - Random number seed: 1

2017-08-16 11:45:41,342 - INFO - Reading alignment from hsp90_alignment5_ref_prep.fasta
2017-08-16 11:45:41,788 - INFO - Read 33 aligned sequences from hsp90_alignment5_ref_prep.fasta, each consisting of 229 codons.

2017-08-16 11:45:41,789 - INFO - Codon substitution model with be M5 version of YNGKP (Yang, Nielsen, Goldman, & Pederson. Genetics. 155:431-449).
2017-08-16 11:45:41,825 - INFO - For this YNGKP_M5 model, omega will be drawn from 4 gamma-distributed categories.
2017-08-16 11:45:41,839 - INFO - Reading tree from phydms/RAxML_tree.newick
2017-08-16 11:45:41,843 - INFO - Tree has 33 tips.
2017-08-16 11:45:41,892 - INFO - Adjusted 1 branch lengths up to minbrlen 1e-06

2017-08-16 11:45:41,893 - INFO - Initializing TreeLikelihood..
2017-08-16 11:45:55,812 - INFO - TreeLikelihood initialized.
2017-08-16 11:45:55,816 - INFO - Maximizing log likelihood (initially -10558.12).
2017-08-16 11:45:55,817 - INFO - Branch lengths will be optimized individually.
2017-08-16 12:38:00,294 - INFO - Maximization complete:
	Step 1: optimized parameters, loglik went from -10558.12 to -9012.13 (18 iterations, 25 function evals)
	Step 2: optimized branches, loglik went from -9012.13 to -8985.34 (143 iterations, 156 function evals)
	Step 3: optimized parameters, loglik went from -8985.34 to -8983.78 (3 iterations, 7 function evals)
	Step 4: optimized branches, loglik went from -8983.78 to -8983.75 (4 iterations, 6 function evals)
	Step 5: optimized parameters, loglik went from -8983.75 to -8983.74 (3 iterations, 5 function evals)
	Step 6: optimized branches, loglik went from -8983.74 to -8983.68 (22 iterations, 27 function evals)
	Step 7: optimized parameters, loglik went from -8983.68 to -8983.68 (2 iterations, 5 function evals)
2017-08-16 12:38:00,340 - INFO - Optimized log likelihood is -8983.68.
2017-08-16 12:38:00,340 - INFO - Writing log likelihood to phydms/YNGKP_M5_loglikelihood.txt
2017-08-16 12:38:00,396 - INFO - Model parameters after optimization:
	alpha_omega = 0.481955
	beta_omega = 7.32591
	kappa = 1.8617
	phi0A = 0.31037
	phi0C = 0.14535
	phi0G = 0.353275
	phi1A = 0.405717
	phi1C = 0.200005
	phi1G = 0.117045
	phi2A = 0.139327
	phi2C = 0.324496
	phi2G = 0.309109
2017-08-16 12:38:00,402 - INFO - Writing model parameters to phydms/YNGKP_M5_modelparams.txt
2017-08-16 12:38:00,406 - INFO - Writing the optimized tree to phydms/YNGKP_M5_tree.newick

2017-08-16 12:38:00,469 - INFO - Successful completion of phydms
