2017-08-17 10:49:21,857 - INFO - Beginning execution of phydms in directory /Users/sarah/Google Drive/GS/lab/dms_db/data/hsp90_2016_Mishra

2017-08-17 10:49:21,857 - INFO - Progress is being logged to phydms_small/averaged_ExpCM_prefs_log.log

2017-08-17 10:49:21,857 - INFO - Version information:
	Time and date: Thu Aug 17 10:49:19 2017
	Platform: Darwin-15.6.0-x86_64-i386-64bit
	Python version: 3.5.2 (v3.5.2:4def2a2901a5, Jun 26 2016, 10:47:25)  [GCC 4.2.1 (Apple Inc. build 5666) (dot 3)]
	phydms version: 2.0.dev6
	Bio version: 1.68
	cython version: 0.25.1
	numpy version: 1.12.1
	scipy version: 0.19.0
	matplotlib version: 2.0.2
	natsort version: 5.0.1
	sympy version: 1.0
	six version: 1.10.0
	pandas version: 0.20.3
	pyvolve version: 0.8.4
	statsmodels version: 0.8.0
	weblogolib version: 3.5.0
	PyPDF2 version: 1.26.0

2017-08-17 10:49:21,858 - INFO - Parsed the following arguments:
	model = ('ExpCM', 'prefs.csv')
	avgprefs = True
	outprefix = phydms_small/averaged_ExpCM_prefs
	minbrlen = 1e-06
	nograd = False
	initparams = None
	fitphi = False
	diffprefsprior = ('invquadratic', 150.0, 0.5)
	opt_details = False
	divpressure = None
	fitprefsmethod = 2
	diffprefsbysite = False
	tree = phydms_small/RAxML_tree.newick
	seed = 1
	ncats = 4
	omegabysite = False
	gammaomega = False
	omegabysite_fixsyn = False
	brlen = optimize
	randprefs = False
	minpref = 0.002
	alignment = hsp90_alignment7_ref_prep.fasta
	ncpus = 1
	profile = False

2017-08-17 10:49:21,858 - INFO - Random number seed: 1

2017-08-17 10:49:21,858 - INFO - Reading alignment from hsp90_alignment7_ref_prep.fasta
2017-08-17 10:49:21,917 - INFO - Read 6 aligned sequences from hsp90_alignment7_ref_prep.fasta, each consisting of 229 codons.

2017-08-17 10:49:21,917 - INFO - The model will be an ExpCM informed by site-specific amino-acid preferences in prefs.csv
2017-08-17 10:49:21,918 - INFO - Preferences will be averaged across sites.
2017-08-17 10:49:23,896 - INFO - Successfully read site-specific amino-acid preferences for all 229 sites.

2017-08-17 10:49:23,897 - INFO - Nucleotide frequency parameters phi will be set so stationary state matches alignment nucleotide frequencies of A = 0.323, C = 0.178, G = 0.225, T = 0.274

2017-08-17 10:49:25,302 - INFO - Reading tree from phydms_small/RAxML_tree.newick
2017-08-17 10:49:25,303 - INFO - Tree has 6 tips.
2017-08-17 10:49:25,308 - INFO - Adjusted 1 branch lengths up to minbrlen 1e-06

2017-08-17 10:49:25,308 - INFO - Initializing TreeLikelihood..
2017-08-17 10:49:29,982 - INFO - TreeLikelihood initialized.
2017-08-17 10:49:29,987 - INFO - Maximizing log likelihood (initially -2154.90).
2017-08-17 10:49:29,988 - INFO - Branch lengths will be optimized individually.
2017-08-17 10:51:46,591 - INFO - Maximization complete:
	Step 1: optimized parameters, loglik went from -2154.90 to -1889.74 (15 iterations, 26 function evals)
	Step 2: optimized branches, loglik went from -1889.74 to -1889.67 (5 iterations, 8 function evals)
	Step 3: optimized parameters, loglik went from -1889.67 to -1889.50 (6 iterations, 11 function evals)
	Step 4: optimized branches, loglik went from -1889.50 to -1889.49 (3 iterations, 6 function evals)
2017-08-17 10:51:46,596 - INFO - Optimized log likelihood is -1889.49.
2017-08-17 10:51:46,596 - INFO - Writing log likelihood to phydms_small/averaged_ExpCM_prefs_loglikelihood.txt
2017-08-17 10:51:46,597 - INFO - Model parameters after optimization:
	beta = 0.010001
	kappa = 4.88325
	omega = 0.0358972
	phiA = 0.334459
	phiC = 0.165112
	phiG = 0.222322
2017-08-17 10:51:46,598 - INFO - Writing model parameters to phydms_small/averaged_ExpCM_prefs_modelparams.txt
2017-08-17 10:51:46,598 - INFO - Writing the optimized tree to phydms_small/averaged_ExpCM_prefs_tree.newick

2017-08-17 10:51:46,603 - INFO - Successful completion of phydms
