2017-08-17 10:51:54,293 - INFO - Beginning execution of phydms in directory /Users/sarah/Google Drive/GS/lab/dms_db/data/hsp90_2016_Mishra

2017-08-17 10:51:54,294 - INFO - Progress is being logged to phydms_small/ExpCM_prefs_gammaomega_log.log

2017-08-17 10:51:54,294 - INFO - Version information:
	Time and date: Thu Aug 17 10:51:52 2017
	Platform: Darwin-15.6.0-x86_64-i386-64bit
	Python version: 3.5.2 (v3.5.2:4def2a2901a5, Jun 26 2016, 10:47:25)  [GCC 4.2.1 (Apple Inc. build 5666) (dot 3)]
	phydms version: 2.0.dev6
	Bio version: 1.68
	cython version: 0.25.1
	numpy version: 1.12.1
	scipy version: 0.19.0
	matplotlib version: 2.0.2
	natsort version: 5.0.1
	sympy version: 1.0
	six version: 1.10.0
	pandas version: 0.20.3
	pyvolve version: 0.8.4
	statsmodels version: 0.8.0
	weblogolib version: 3.5.0
	PyPDF2 version: 1.26.0

2017-08-17 10:51:54,294 - INFO - Parsed the following arguments:
	tree = phydms_small/RAxML_tree.newick
	gammaomega = True
	ncpus = 1
	model = ('ExpCM', 'prefs.csv')
	minbrlen = 1e-06
	omegabysite_fixsyn = False
	opt_details = False
	ncats = 4
	fitprefsmethod = 2
	divpressure = None
	alignment = hsp90_alignment7_ref_prep.fasta
	avgprefs = False
	brlen = optimize
	initparams = None
	outprefix = phydms_small/ExpCM_prefs_gammaomega
	fitphi = False
	nograd = False
	omegabysite = False
	diffprefsbysite = False
	profile = False
	diffprefsprior = ('invquadratic', 150.0, 0.5)
	randprefs = False
	seed = 1
	minpref = 0.002

2017-08-17 10:51:54,294 - INFO - Random number seed: 1

2017-08-17 10:51:54,294 - INFO - Reading alignment from hsp90_alignment7_ref_prep.fasta
2017-08-17 10:51:54,372 - INFO - Read 6 aligned sequences from hsp90_alignment7_ref_prep.fasta, each consisting of 229 codons.

2017-08-17 10:51:54,373 - INFO - The model will be an ExpCM informed by site-specific amino-acid preferences in prefs.csv
2017-08-17 10:51:56,420 - INFO - Successfully read site-specific amino-acid preferences for all 229 sites.

2017-08-17 10:51:56,421 - INFO - Nucleotide frequency parameters phi will be set so stationary state matches alignment nucleotide frequencies of A = 0.323, C = 0.178, G = 0.225, T = 0.274

2017-08-17 10:51:57,637 - INFO - Omega will be drawn from 4 gamma-distributed categories.

2017-08-17 10:52:03,627 - INFO - Reading tree from phydms_small/RAxML_tree.newick
2017-08-17 10:52:03,629 - INFO - Tree has 6 tips.
2017-08-17 10:52:03,631 - INFO - Adjusted 1 branch lengths up to minbrlen 1e-06

2017-08-17 10:52:03,631 - INFO - Initializing TreeLikelihood..
2017-08-17 10:52:13,585 - INFO - TreeLikelihood initialized.
2017-08-17 10:52:13,590 - INFO - Maximizing log likelihood (initially -2121.88).
2017-08-17 10:52:13,590 - INFO - Branch lengths will be optimized individually.
2017-08-17 10:56:15,408 - INFO - Maximization complete:
	Step 1: optimized parameters, loglik went from -2121.88 to -1775.02 (17 iterations, 21 function evals)
	Step 2: optimized branches, loglik went from -1775.02 to -1774.94 (5 iterations, 8 function evals)
	Step 3: optimized parameters, loglik went from -1774.94 to -1774.94 (1 iterations, 3 function evals)
2017-08-17 10:56:15,412 - INFO - Optimized log likelihood is -1774.94.
2017-08-17 10:56:15,412 - INFO - Writing log likelihood to phydms_small/ExpCM_prefs_gammaomega_loglikelihood.txt
2017-08-17 10:56:15,413 - INFO - Model parameters after optimization:
	alpha_omega = 0.312336
	beta =     10
	beta_omega = 6.95077
	kappa = 5.17145
	phiA = 0.35456
	phiC = 0.168668
	phiG = 0.21513
2017-08-17 10:56:15,414 - INFO - Writing model parameters to phydms_small/ExpCM_prefs_gammaomega_modelparams.txt
2017-08-17 10:56:15,416 - INFO - Writing the optimized tree to phydms_small/ExpCM_prefs_gammaomega_tree.newick

2017-08-17 10:56:15,419 - INFO - Successful completion of phydms
