2017-08-17 10:49:23,295 - INFO - Beginning execution of phydms in directory /Users/sarah/Google Drive/GS/lab/dms_db/data/hsp90_2016_Mishra

2017-08-17 10:49:23,296 - INFO - Progress is being logged to phydms_small/ExpCM_prefs_log.log

2017-08-17 10:49:23,296 - INFO - Version information:
	Time and date: Thu Aug 17 10:49:21 2017
	Platform: Darwin-15.6.0-x86_64-i386-64bit
	Python version: 3.5.2 (v3.5.2:4def2a2901a5, Jun 26 2016, 10:47:25)  [GCC 4.2.1 (Apple Inc. build 5666) (dot 3)]
	phydms version: 2.0.dev6
	Bio version: 1.68
	cython version: 0.25.1
	numpy version: 1.12.1
	scipy version: 0.19.0
	matplotlib version: 2.0.2
	natsort version: 5.0.1
	sympy version: 1.0
	six version: 1.10.0
	pandas version: 0.20.3
	pyvolve version: 0.8.4
	statsmodels version: 0.8.0
	weblogolib version: 3.5.0
	PyPDF2 version: 1.26.0

2017-08-17 10:49:23,296 - INFO - Parsed the following arguments:
	avgprefs = False
	profile = False
	nograd = False
	divpressure = None
	diffprefsbysite = False
	ncpus = 1
	outprefix = phydms_small/ExpCM_prefs
	diffprefsprior = ('invquadratic', 150.0, 0.5)
	minpref = 0.002
	model = ('ExpCM', 'prefs.csv')
	initparams = None
	gammaomega = False
	fitphi = False
	fitprefsmethod = 2
	seed = 1
	tree = phydms_small/RAxML_tree.newick
	omegabysite = False
	minbrlen = 1e-06
	opt_details = False
	alignment = hsp90_alignment7_ref_prep.fasta
	brlen = optimize
	randprefs = False
	omegabysite_fixsyn = False
	ncats = 4

2017-08-17 10:49:23,297 - INFO - Random number seed: 1

2017-08-17 10:49:23,297 - INFO - Reading alignment from hsp90_alignment7_ref_prep.fasta
2017-08-17 10:49:23,363 - INFO - Read 6 aligned sequences from hsp90_alignment7_ref_prep.fasta, each consisting of 229 codons.

2017-08-17 10:49:23,364 - INFO - The model will be an ExpCM informed by site-specific amino-acid preferences in prefs.csv
2017-08-17 10:49:26,053 - INFO - Successfully read site-specific amino-acid preferences for all 229 sites.

2017-08-17 10:49:26,054 - INFO - Nucleotide frequency parameters phi will be set so stationary state matches alignment nucleotide frequencies of A = 0.323, C = 0.178, G = 0.225, T = 0.274

2017-08-17 10:49:27,837 - INFO - Reading tree from phydms_small/RAxML_tree.newick
2017-08-17 10:49:27,840 - INFO - Tree has 6 tips.
2017-08-17 10:49:27,842 - INFO - Adjusted 1 branch lengths up to minbrlen 1e-06

2017-08-17 10:49:27,842 - INFO - Initializing TreeLikelihood..
2017-08-17 10:49:31,504 - INFO - TreeLikelihood initialized.
2017-08-17 10:49:31,512 - INFO - Maximizing log likelihood (initially -2125.94).
2017-08-17 10:49:31,512 - INFO - Branch lengths will be optimized individually.
2017-08-17 10:51:44,140 - INFO - Maximization complete:
	Step 1: optimized parameters, loglik went from -2125.94 to -1776.22 (23 iterations, 33 function evals)
	Step 2: optimized branches, loglik went from -1776.22 to -1776.15 (5 iterations, 8 function evals)
	Step 3: optimized parameters, loglik went from -1776.15 to -1776.15 (1 iterations, 4 function evals)
2017-08-17 10:51:44,143 - INFO - Optimized log likelihood is -1776.15.
2017-08-17 10:51:44,144 - INFO - Writing log likelihood to phydms_small/ExpCM_prefs_loglikelihood.txt
2017-08-17 10:51:44,145 - INFO - Model parameters after optimization:
	beta =     10
	kappa = 5.13109
	omega = 0.0442391
	phiA = 0.35456
	phiC = 0.168668
	phiG = 0.21513
2017-08-17 10:51:44,146 - INFO - Writing model parameters to phydms_small/ExpCM_prefs_modelparams.txt
2017-08-17 10:51:44,146 - INFO - Writing the optimized tree to phydms_small/ExpCM_prefs_tree.newick

2017-08-17 10:51:44,150 - INFO - Successful completion of phydms
