2017-08-17 10:49:15,405 - INFO - Beginning execution of phydms_comprehensive in directory /Users/sarah/Google Drive/GS/lab/dms_db/data/hsp90_2016_Mishra

2017-08-17 10:49:15,406 - INFO - Progress is being logged to phydms_small/log.log

2017-08-17 10:49:15,406 - INFO - Version information:
	Time and date: Thu Aug 17 10:49:11 2017
	Platform: Darwin-15.6.0-x86_64-i386-64bit
	Python version: 3.5.2 (v3.5.2:4def2a2901a5, Jun 26 2016, 10:47:25)  [GCC 4.2.1 (Apple Inc. build 5666) (dot 3)]
	phydms version: 2.0.dev6
	Bio version: 1.68
	cython version: 0.25.1
	numpy version: 1.12.1
	scipy version: 0.19.0
	matplotlib version: 2.0.2
	natsort version: 5.0.1
	sympy version: 1.0
	six version: 1.10.0
	pandas version: 0.20.3
	pyvolve version: 0.8.4
	statsmodels version: 0.8.0
	weblogolib version: 3.5.0
	PyPDF2 version: 1.26.0

2017-08-17 10:49:15,406 - INFO - Parsed the following command-line arguments:
	outprefix = phydms_small/
	tree = None
	alignment = hsp90_alignment7_ref_prep.fasta
	randprefs = True
	omegabysite = False
	ncpus = -1
	diffprefsbysite = False
	prefsfiles = ['prefs.csv']
	noavgprefs = False
	brlen = optimize
	gammaomega = True
	raxml = raxml

2017-08-17 10:49:15,407 - INFO - Checking that the alignment hsp90_alignment7_ref_prep.fasta is valid...
2017-08-17 10:49:15,438 - INFO - Valid alignment specifying 6 sequences of length 687.

2017-08-17 10:49:15,438 - INFO - Tree not specified.
2017-08-17 10:49:15,467 - INFO - Inferring tree with RAxML using command raxml
2017-08-17 10:49:15,880 - INFO - RAxML inferred tree is now named phydms_small/RAxML_tree.newick
2017-08-17 10:49:15,882 - INFO - Starting analysis to optimize tree in phydms_small/RAxML_tree.newick using model averaged_ExpCM_prefs. The command is: phydms hsp90_alignment7_ref_prep.fasta phydms_small/RAxML_tree.newick ExpCM_prefs.csv phydms_small/averaged_ExpCM_prefs --brlen optimize --avgprefs --ncpus 1

2017-08-17 10:49:15,883 - INFO - Starting analysis to optimize tree in phydms_small/RAxML_tree.newick using model randomized_ExpCM_prefs. The command is: phydms hsp90_alignment7_ref_prep.fasta phydms_small/RAxML_tree.newick ExpCM_prefs.csv phydms_small/randomized_ExpCM_prefs --brlen optimize --randprefs --ncpus 1

2017-08-17 10:49:15,883 - INFO - Starting analysis to optimize tree in phydms_small/RAxML_tree.newick using model YNGKP_M0. The command is: phydms hsp90_alignment7_ref_prep.fasta phydms_small/RAxML_tree.newick YNGKP_M0 phydms_small/YNGKP_M0 --brlen optimize --ncpus 1

2017-08-17 10:49:15,883 - INFO - Starting analysis to optimize tree in phydms_small/RAxML_tree.newick using model ExpCM_prefs. The command is: phydms hsp90_alignment7_ref_prep.fasta phydms_small/RAxML_tree.newick ExpCM_prefs.csv phydms_small/ExpCM_prefs --brlen optimize --ncpus 1

2017-08-17 10:49:15,884 - INFO - Starting analysis to optimize tree in phydms_small/RAxML_tree.newick using model averaged_ExpCM_prefs_gammaomega. The command is: phydms hsp90_alignment7_ref_prep.fasta phydms_small/RAxML_tree.newick ExpCM_prefs.csv phydms_small/averaged_ExpCM_prefs_gammaomega --brlen optimize --gammaomega --avgprefs --ncpus 1

2017-08-17 10:49:15,884 - INFO - Starting analysis to optimize tree in phydms_small/RAxML_tree.newick using model YNGKP_M5. The command is: phydms hsp90_alignment7_ref_prep.fasta phydms_small/RAxML_tree.newick YNGKP_M5 phydms_small/YNGKP_M5 --brlen optimize --ncpus 1

2017-08-17 10:49:15,885 - INFO - Starting analysis to optimize tree in phydms_small/RAxML_tree.newick using model randomized_ExpCM_prefs_gammaomega. The command is: phydms hsp90_alignment7_ref_prep.fasta phydms_small/RAxML_tree.newick ExpCM_prefs.csv phydms_small/randomized_ExpCM_prefs_gammaomega --brlen optimize --gammaomega --randprefs --ncpus 1

2017-08-17 10:49:15,885 - INFO - Starting analysis to optimize tree in phydms_small/RAxML_tree.newick using model ExpCM_prefs_gammaomega. The command is: phydms hsp90_alignment7_ref_prep.fasta phydms_small/RAxML_tree.newick ExpCM_prefs.csv phydms_small/ExpCM_prefs_gammaomega --brlen optimize --gammaomega --ncpus 1

2017-08-17 10:49:36,953 - INFO - Analysis completed for YNGKP_M0
2017-08-17 10:49:36,959 - INFO - Found expected output file phydms_small/YNGKP_M0_log.log
2017-08-17 10:49:36,960 - INFO - Found expected output file phydms_small/YNGKP_M0_tree.newick
2017-08-17 10:49:36,960 - INFO - Found expected output file phydms_small/YNGKP_M0_loglikelihood.txt
2017-08-17 10:49:36,960 - INFO - Found expected output file phydms_small/YNGKP_M0_modelparams.txt
2017-08-17 10:49:36,960 - INFO - Analysis successful for YNGKP_M0

2017-08-17 10:51:35,287 - INFO - Analysis completed for randomized_ExpCM_prefs
2017-08-17 10:51:35,294 - INFO - Found expected output file phydms_small/randomized_ExpCM_prefs_log.log
2017-08-17 10:51:35,295 - INFO - Found expected output file phydms_small/randomized_ExpCM_prefs_tree.newick
2017-08-17 10:51:35,295 - INFO - Found expected output file phydms_small/randomized_ExpCM_prefs_loglikelihood.txt
2017-08-17 10:51:35,295 - INFO - Found expected output file phydms_small/randomized_ExpCM_prefs_modelparams.txt
2017-08-17 10:51:35,295 - INFO - Analysis successful for randomized_ExpCM_prefs

2017-08-17 10:51:45,320 - INFO - Analysis completed for ExpCM_prefs
2017-08-17 10:51:45,323 - INFO - Found expected output file phydms_small/ExpCM_prefs_log.log
2017-08-17 10:51:45,323 - INFO - Found expected output file phydms_small/ExpCM_prefs_tree.newick
2017-08-17 10:51:45,323 - INFO - Found expected output file phydms_small/ExpCM_prefs_loglikelihood.txt
2017-08-17 10:51:45,323 - INFO - Found expected output file phydms_small/ExpCM_prefs_modelparams.txt
2017-08-17 10:51:45,324 - INFO - Analysis successful for ExpCM_prefs

2017-08-17 10:51:48,335 - INFO - Analysis completed for averaged_ExpCM_prefs
2017-08-17 10:51:48,339 - INFO - Found expected output file phydms_small/averaged_ExpCM_prefs_log.log
2017-08-17 10:51:48,340 - INFO - Found expected output file phydms_small/averaged_ExpCM_prefs_tree.newick
2017-08-17 10:51:48,340 - INFO - Found expected output file phydms_small/averaged_ExpCM_prefs_loglikelihood.txt
2017-08-17 10:51:48,340 - INFO - Found expected output file phydms_small/averaged_ExpCM_prefs_modelparams.txt
2017-08-17 10:51:48,340 - INFO - Analysis successful for averaged_ExpCM_prefs

2017-08-17 10:52:33,457 - INFO - Analysis completed for YNGKP_M5
2017-08-17 10:52:33,463 - INFO - Found expected output file phydms_small/YNGKP_M5_log.log
2017-08-17 10:52:33,464 - INFO - Found expected output file phydms_small/YNGKP_M5_tree.newick
2017-08-17 10:52:33,464 - INFO - Found expected output file phydms_small/YNGKP_M5_loglikelihood.txt
2017-08-17 10:52:33,464 - INFO - Found expected output file phydms_small/YNGKP_M5_modelparams.txt
2017-08-17 10:52:33,464 - INFO - Analysis successful for YNGKP_M5

2017-08-17 10:55:15,924 - INFO - Analysis completed for averaged_ExpCM_prefs_gammaomega
2017-08-17 10:55:15,932 - INFO - Found expected output file phydms_small/averaged_ExpCM_prefs_gammaomega_log.log
2017-08-17 10:55:15,933 - INFO - Found expected output file phydms_small/averaged_ExpCM_prefs_gammaomega_tree.newick
2017-08-17 10:55:15,933 - INFO - Found expected output file phydms_small/averaged_ExpCM_prefs_gammaomega_loglikelihood.txt
2017-08-17 10:55:15,934 - INFO - Found expected output file phydms_small/averaged_ExpCM_prefs_gammaomega_modelparams.txt
2017-08-17 10:55:15,934 - INFO - Analysis successful for averaged_ExpCM_prefs_gammaomega

2017-08-17 10:56:17,100 - INFO - Analysis completed for ExpCM_prefs_gammaomega
2017-08-17 10:56:17,105 - INFO - Found expected output file phydms_small/ExpCM_prefs_gammaomega_log.log
2017-08-17 10:56:17,105 - INFO - Found expected output file phydms_small/ExpCM_prefs_gammaomega_tree.newick
2017-08-17 10:56:17,106 - INFO - Found expected output file phydms_small/ExpCM_prefs_gammaomega_loglikelihood.txt
2017-08-17 10:56:17,106 - INFO - Found expected output file phydms_small/ExpCM_prefs_gammaomega_modelparams.txt
2017-08-17 10:56:17,106 - INFO - Analysis successful for ExpCM_prefs_gammaomega

2017-08-17 10:57:11,238 - INFO - Analysis completed for randomized_ExpCM_prefs_gammaomega
2017-08-17 10:57:11,238 - INFO - Found expected output file phydms_small/randomized_ExpCM_prefs_gammaomega_log.log
2017-08-17 10:57:11,239 - INFO - Found expected output file phydms_small/randomized_ExpCM_prefs_gammaomega_tree.newick
2017-08-17 10:57:11,239 - INFO - Found expected output file phydms_small/randomized_ExpCM_prefs_gammaomega_loglikelihood.txt
2017-08-17 10:57:11,243 - INFO - Found expected output file phydms_small/randomized_ExpCM_prefs_gammaomega_modelparams.txt
2017-08-17 10:57:11,243 - INFO - Analysis successful for randomized_ExpCM_prefs_gammaomega

2017-08-17 10:57:12,376 - INFO - Successful completion of phydms_comprehensive
