2017-08-17 10:49:21,869 - INFO - Beginning execution of phydms in directory /Users/sarah/Google Drive/GS/lab/dms_db/data/hsp90_2016_Mishra

2017-08-17 10:49:21,870 - INFO - Progress is being logged to phydms_small/randomized_ExpCM_prefs_log.log

2017-08-17 10:49:21,870 - INFO - Version information:
	Time and date: Thu Aug 17 10:49:19 2017
	Platform: Darwin-15.6.0-x86_64-i386-64bit
	Python version: 3.5.2 (v3.5.2:4def2a2901a5, Jun 26 2016, 10:47:25)  [GCC 4.2.1 (Apple Inc. build 5666) (dot 3)]
	phydms version: 2.0.dev6
	Bio version: 1.68
	cython version: 0.25.1
	numpy version: 1.12.1
	scipy version: 0.19.0
	matplotlib version: 2.0.2
	natsort version: 5.0.1
	sympy version: 1.0
	six version: 1.10.0
	pandas version: 0.20.3
	pyvolve version: 0.8.4
	statsmodels version: 0.8.0
	weblogolib version: 3.5.0
	PyPDF2 version: 1.26.0

2017-08-17 10:49:21,870 - INFO - Parsed the following arguments:
	fitprefsmethod = 2
	initparams = None
	divpressure = None
	alignment = hsp90_alignment7_ref_prep.fasta
	outprefix = phydms_small/randomized_ExpCM_prefs
	gammaomega = False
	avgprefs = False
	opt_details = False
	ncats = 4
	diffprefsbysite = False
	omegabysite_fixsyn = False
	minpref = 0.002
	tree = phydms_small/RAxML_tree.newick
	omegabysite = False
	brlen = optimize
	nograd = False
	diffprefsprior = ('invquadratic', 150.0, 0.5)
	seed = 1
	ncpus = 1
	model = ('ExpCM', 'prefs.csv')
	randprefs = True
	fitphi = False
	minbrlen = 1e-06
	profile = False

2017-08-17 10:49:21,870 - INFO - Random number seed: 1

2017-08-17 10:49:21,870 - INFO - Reading alignment from hsp90_alignment7_ref_prep.fasta
2017-08-17 10:49:21,916 - INFO - Read 6 aligned sequences from hsp90_alignment7_ref_prep.fasta, each consisting of 229 codons.

2017-08-17 10:49:21,917 - INFO - The model will be an ExpCM informed by site-specific amino-acid preferences in prefs.csv
2017-08-17 10:49:21,917 - INFO - Preferences will be randomized across sites.
2017-08-17 10:49:23,811 - INFO - Successfully read site-specific amino-acid preferences for all 229 sites.

2017-08-17 10:49:23,812 - INFO - Nucleotide frequency parameters phi will be set so stationary state matches alignment nucleotide frequencies of A = 0.323, C = 0.178, G = 0.225, T = 0.274

2017-08-17 10:49:25,187 - INFO - Reading tree from phydms_small/RAxML_tree.newick
2017-08-17 10:49:25,188 - INFO - Tree has 6 tips.
2017-08-17 10:49:25,190 - INFO - Adjusted 1 branch lengths up to minbrlen 1e-06

2017-08-17 10:49:25,191 - INFO - Initializing TreeLikelihood..
2017-08-17 10:49:29,956 - INFO - TreeLikelihood initialized.
2017-08-17 10:49:29,961 - INFO - Maximizing log likelihood (initially -2156.70).
2017-08-17 10:49:29,962 - INFO - Branch lengths will be optimized individually.
2017-08-17 10:51:34,142 - INFO - Maximization complete:
	Step 1: optimized parameters, loglik went from -2156.70 to -1889.55 (18 iterations, 30 function evals)
	Step 2: optimized branches, loglik went from -1889.55 to -1889.48 (5 iterations, 8 function evals)
	Step 3: optimized parameters, loglik went from -1889.48 to -1889.48 (1 iterations, 4 function evals)
2017-08-17 10:51:34,150 - INFO - Optimized log likelihood is -1889.48.
2017-08-17 10:51:34,150 - INFO - Writing log likelihood to phydms_small/randomized_ExpCM_prefs_loglikelihood.txt
2017-08-17 10:51:34,154 - INFO - Model parameters after optimization:
	beta = 0.010001
	kappa = 5.00835
	omega = 0.0358482
	phiA = 0.334457
	phiC = 0.165113
	phiG = 0.222325
2017-08-17 10:51:34,154 - INFO - Writing model parameters to phydms_small/randomized_ExpCM_prefs_modelparams.txt
2017-08-17 10:51:34,155 - INFO - Writing the optimized tree to phydms_small/randomized_ExpCM_prefs_tree.newick

2017-08-17 10:51:34,173 - INFO - Successful completion of phydms
