2017-08-17 10:51:51,532 - INFO - Beginning execution of phydms in directory /Users/sarah/Google Drive/GS/lab/dms_db/data/hsp90_2016_Mishra

2017-08-17 10:51:51,533 - INFO - Progress is being logged to phydms_small/randomized_ExpCM_prefs_gammaomega_log.log

2017-08-17 10:51:51,533 - INFO - Version information:
	Time and date: Thu Aug 17 10:51:50 2017
	Platform: Darwin-15.6.0-x86_64-i386-64bit
	Python version: 3.5.2 (v3.5.2:4def2a2901a5, Jun 26 2016, 10:47:25)  [GCC 4.2.1 (Apple Inc. build 5666) (dot 3)]
	phydms version: 2.0.dev6
	Bio version: 1.68
	cython version: 0.25.1
	numpy version: 1.12.1
	scipy version: 0.19.0
	matplotlib version: 2.0.2
	natsort version: 5.0.1
	sympy version: 1.0
	six version: 1.10.0
	pandas version: 0.20.3
	pyvolve version: 0.8.4
	statsmodels version: 0.8.0
	weblogolib version: 3.5.0
	PyPDF2 version: 1.26.0

2017-08-17 10:51:51,533 - INFO - Parsed the following arguments:
	alignment = hsp90_alignment7_ref_prep.fasta
	randprefs = True
	diffprefsprior = ('invquadratic', 150.0, 0.5)
	avgprefs = False
	brlen = optimize
	initparams = None
	minpref = 0.002
	omegabysite = False
	profile = False
	tree = phydms_small/RAxML_tree.newick
	minbrlen = 1e-06
	fitprefsmethod = 2
	ncpus = 1
	fitphi = False
	ncats = 4
	omegabysite_fixsyn = False
	gammaomega = True
	outprefix = phydms_small/randomized_ExpCM_prefs_gammaomega
	opt_details = False
	model = ('ExpCM', 'prefs.csv')
	diffprefsbysite = False
	divpressure = None
	seed = 1
	nograd = False

2017-08-17 10:51:51,534 - INFO - Random number seed: 1

2017-08-17 10:51:51,534 - INFO - Reading alignment from hsp90_alignment7_ref_prep.fasta
2017-08-17 10:51:51,597 - INFO - Read 6 aligned sequences from hsp90_alignment7_ref_prep.fasta, each consisting of 229 codons.

2017-08-17 10:51:51,598 - INFO - The model will be an ExpCM informed by site-specific amino-acid preferences in prefs.csv
2017-08-17 10:51:51,598 - INFO - Preferences will be randomized across sites.
2017-08-17 10:51:53,343 - INFO - Successfully read site-specific amino-acid preferences for all 229 sites.

2017-08-17 10:51:53,343 - INFO - Nucleotide frequency parameters phi will be set so stationary state matches alignment nucleotide frequencies of A = 0.323, C = 0.178, G = 0.225, T = 0.274

2017-08-17 10:51:54,501 - INFO - Omega will be drawn from 4 gamma-distributed categories.

2017-08-17 10:52:00,458 - INFO - Reading tree from phydms_small/RAxML_tree.newick
2017-08-17 10:52:00,470 - INFO - Tree has 6 tips.
2017-08-17 10:52:00,472 - INFO - Adjusted 1 branch lengths up to minbrlen 1e-06

2017-08-17 10:52:00,472 - INFO - Initializing TreeLikelihood..
2017-08-17 10:52:11,342 - INFO - TreeLikelihood initialized.
2017-08-17 10:52:11,353 - INFO - Maximizing log likelihood (initially -2151.95).
2017-08-17 10:52:11,353 - INFO - Branch lengths will be optimized individually.
2017-08-17 10:57:10,138 - INFO - Maximization complete:
	Step 1: optimized parameters, loglik went from -2151.95 to -1887.42 (23 iterations, 29 function evals)
	Step 2: optimized branches, loglik went from -1887.42 to -1887.35 (5 iterations, 8 function evals)
	Step 3: optimized parameters, loglik went from -1887.35 to -1887.35 (1 iterations, 3 function evals)
2017-08-17 10:57:10,143 - INFO - Optimized log likelihood is -1887.35.
2017-08-17 10:57:10,143 - INFO - Writing log likelihood to phydms_small/randomized_ExpCM_prefs_gammaomega_loglikelihood.txt
2017-08-17 10:57:10,144 - INFO - Model parameters after optimization:
	alpha_omega = 0.300001
	beta = 0.010001
	beta_omega = 8.11792
	kappa = 5.02738
	phiA = 0.334457
	phiC = 0.165113
	phiG = 0.222325
2017-08-17 10:57:10,144 - INFO - Writing model parameters to phydms_small/randomized_ExpCM_prefs_gammaomega_modelparams.txt
2017-08-17 10:57:10,145 - INFO - Writing the optimized tree to phydms_small/randomized_ExpCM_prefs_gammaomega_tree.newick

2017-08-17 10:57:10,148 - INFO - Successful completion of phydms
