2017-08-17 10:51:44,402 - INFO - Beginning execution of phydms in directory /Users/sarah/Google Drive/GS/lab/dms_db/data/hsp90_2016_Mishra

2017-08-17 10:51:44,403 - INFO - Progress is being logged to phydms_small/YNGKP_M5_log.log

2017-08-17 10:51:44,408 - INFO - Version information:
	Time and date: Thu Aug 17 10:51:41 2017
	Platform: Darwin-15.6.0-x86_64-i386-64bit
	Python version: 3.5.2 (v3.5.2:4def2a2901a5, Jun 26 2016, 10:47:25)  [GCC 4.2.1 (Apple Inc. build 5666) (dot 3)]
	phydms version: 2.0.dev6
	Bio version: 1.68
	cython version: 0.25.1
	numpy version: 1.12.1
	scipy version: 0.19.0
	matplotlib version: 2.0.2
	natsort version: 5.0.1
	sympy version: 1.0
	six version: 1.10.0
	pandas version: 0.20.3
	pyvolve version: 0.8.4
	statsmodels version: 0.8.0
	weblogolib version: 3.5.0
	PyPDF2 version: 1.26.0

2017-08-17 10:51:44,408 - INFO - Parsed the following arguments:
	diffprefsprior = ('invquadratic', 150.0, 0.5)
	alignment = hsp90_alignment7_ref_prep.fasta
	omegabysite = False
	fitphi = False
	model = YNGKP_M5
	brlen = optimize
	profile = False
	diffprefsbysite = False
	initparams = None
	minpref = 0.002
	ncats = 4
	omegabysite_fixsyn = False
	gammaomega = False
	nograd = False
	avgprefs = False
	seed = 1
	opt_details = False
	outprefix = phydms_small/YNGKP_M5
	fitprefsmethod = 2
	minbrlen = 1e-06
	tree = phydms_small/RAxML_tree.newick
	divpressure = None
	randprefs = False
	ncpus = 1

2017-08-17 10:51:44,408 - INFO - Random number seed: 1

2017-08-17 10:51:44,409 - INFO - Reading alignment from hsp90_alignment7_ref_prep.fasta
2017-08-17 10:51:44,484 - INFO - Read 6 aligned sequences from hsp90_alignment7_ref_prep.fasta, each consisting of 229 codons.

2017-08-17 10:51:44,492 - INFO - Codon substitution model with be M5 version of YNGKP (Yang, Nielsen, Goldman, & Pederson. Genetics. 155:431-449).
2017-08-17 10:51:44,510 - INFO - For this YNGKP_M5 model, omega will be drawn from 4 gamma-distributed categories.
2017-08-17 10:51:44,531 - INFO - Reading tree from phydms_small/RAxML_tree.newick
2017-08-17 10:51:44,534 - INFO - Tree has 6 tips.
2017-08-17 10:51:44,536 - INFO - Adjusted 1 branch lengths up to minbrlen 1e-06

2017-08-17 10:51:44,536 - INFO - Initializing TreeLikelihood..
2017-08-17 10:51:45,909 - INFO - TreeLikelihood initialized.
2017-08-17 10:51:45,909 - INFO - Maximizing log likelihood (initially -2133.69).
2017-08-17 10:51:45,909 - INFO - Branch lengths will be optimized individually.
2017-08-17 10:52:32,314 - INFO - Maximization complete:
	Step 1: optimized parameters, loglik went from -2133.69 to -1881.21 (21 iterations, 26 function evals)
	Step 2: optimized branches, loglik went from -1881.21 to -1881.10 (6 iterations, 8 function evals)
	Step 3: optimized parameters, loglik went from -1881.10 to -1881.10 (1 iterations, 3 function evals)
2017-08-17 10:52:32,318 - INFO - Optimized log likelihood is -1881.10.
2017-08-17 10:52:32,319 - INFO - Writing log likelihood to phydms_small/YNGKP_M5_loglikelihood.txt
2017-08-17 10:52:32,320 - INFO - Model parameters after optimization:
	alpha_omega = 0.300001
	beta_omega = 8.81872
	kappa = 3.72843
	phi0A = 0.310176
	phi0C = 0.0873444
	phi0G = 0.344563
	phi1A = 0.398492
	phi1C = 0.190507
	phi1G = 0.114581
	phi2A = 0.293277
	phi2C = 0.224207
	phi2G = 0.204664
2017-08-17 10:52:32,321 - INFO - Writing model parameters to phydms_small/YNGKP_M5_modelparams.txt
2017-08-17 10:52:32,321 - INFO - Writing the optimized tree to phydms_small/YNGKP_M5_tree.newick

2017-08-17 10:52:32,326 - INFO - Successful completion of phydms
